[debug] [2024-11-17T02:45:21.042Z] ----------------------------------------------------------------------
[debug] [2024-11-17T02:45:21.046Z] Command:       /nix/store/aspnwxp3q1wvg8jd1zg0295zmhr3lkb3-nodejs-18.19.1/bin/node /nix/store/4y5y11gp7fmn3rr6wm7skwjrbqfy4bbw-firebase-tools-13.23.0/lib/node_modules/firebase-tools/lib/bin/firebase.js init hosting
[debug] [2024-11-17T02:45:21.046Z] CLI Version:   13.23.0
[debug] [2024-11-17T02:45:21.047Z] Platform:      linux
[debug] [2024-11-17T02:45:21.047Z] Node Version:  v18.19.1
[debug] [2024-11-17T02:45:21.048Z] Time:          Sun Nov 17 2024 02:45:21 GMT+0000 (Coordinated Universal Time)
[debug] [2024-11-17T02:45:21.048Z] ----------------------------------------------------------------------
[debug] 
[debug] [2024-11-17T02:45:21.053Z] >>> [apiv2][query] GET https://firebase-public.firebaseio.com/cli.json [none]
[debug] [2024-11-17T02:45:21.250Z] > command requires scopes: ["email","openid","https://www.googleapis.com/auth/cloudplatformprojects.readonly","https://www.googleapis.com/auth/firebase","https://www.googleapis.com/auth/cloud-platform"]
[debug] [2024-11-17T02:45:21.291Z] ----------------------------------------------------------------------
[debug] [2024-11-17T02:45:21.294Z] Command:       /nix/store/aspnwxp3q1wvg8jd1zg0295zmhr3lkb3-nodejs-18.19.1/bin/node /nix/store/4y5y11gp7fmn3rr6wm7skwjrbqfy4bbw-firebase-tools-13.23.0/lib/node_modules/firebase-tools/lib/bin/firebase.js login --no-localhost
[debug] [2024-11-17T02:45:21.295Z] CLI Version:   13.23.0
[debug] [2024-11-17T02:45:21.296Z] Platform:      linux
[debug] [2024-11-17T02:45:21.296Z] Node Version:  v18.19.1
[debug] [2024-11-17T02:45:21.296Z] Time:          Sun Nov 17 2024 02:45:21 GMT+0000 (Coordinated Universal Time)
[debug] [2024-11-17T02:45:21.297Z] ----------------------------------------------------------------------
[debug] 
[debug] [2024-11-17T02:45:21.302Z] >>> [apiv2][query] GET https://firebase-public.firebaseio.com/cli.json [none]
[info] i  Firebase optionally collects CLI and Emulator Suite usage and error reporting information to help improve our products. Data is collected in accordance with Google's privacy policy (https://policies.google.com/privacy) and is not used to identify you.
 
[debug] [2024-11-17T02:45:21.691Z] <<< [apiv2][status] GET https://firebase-public.firebaseio.com/cli.json 200
[debug] [2024-11-17T02:45:21.693Z] <<< [apiv2][body] GET https://firebase-public.firebaseio.com/cli.json {"cloudBuildErrorAfter":1594252800000,"cloudBuildWarnAfter":1590019200000,"defaultNode10After":1594252800000,"minVersion":"3.0.5","node8DeploysDisabledAfter":1613390400000,"node8RuntimeDisabledAfter":1615809600000,"node8WarnAfter":1600128000000}
[debug] [2024-11-17T02:45:21.901Z] <<< [apiv2][status] GET https://firebase-public.firebaseio.com/cli.json 200
[debug] [2024-11-17T02:45:21.904Z] <<< [apiv2][body] GET https://firebase-public.firebaseio.com/cli.json {"cloudBuildErrorAfter":1594252800000,"cloudBuildWarnAfter":1590019200000,"defaultNode10After":1594252800000,"minVersion":"3.0.5","node8DeploysDisabledAfter":1613390400000,"node8RuntimeDisabledAfter":1615809600000,"node8WarnAfter":1600128000000}
[info] 
     ######## #### ########  ######## ########     ###     ######  ########
     ##        ##  ##     ## ##       ##     ##  ##   ##  ##       ##
     ######    ##  ########  ######   ########  #########  ######  ######
     ##        ##  ##    ##  ##       ##     ## ##     ##       ## ##
     ##       #### ##     ## ######## ########  ##     ##  ######  ########

You're about to initialize a Firebase project in this directory:

  /home/user/library

[info] 
=== Project Setup
[info] 
[info] First, let's associate this project directory with a Firebase project.
[info] You can create multiple project aliases by running firebase use --add, 
[info] but for now we'll just set up a default project.
[info] 
[info] i  If you want to create a project in a Google Cloud organization or folder, please use "firebase projects:create" instead, and return to this command when you've created the project. 
[debug] [2024-11-17T02:46:36.964Z] No OAuth tokens found
[debug] [2024-11-17T02:46:36.971Z] >>> [apiv2][query] POST https://cloudresourcemanager.googleapis.com/v1/projects [none]
[debug] [2024-11-17T02:46:36.971Z] >>> [apiv2][body] POST https://cloudresourcemanager.googleapis.com/v1/projects {"projectId":"when_summer_is_calling","name":"summer"}
[debug] [2024-11-17T02:46:37.753Z] <<< [apiv2][status] POST https://cloudresourcemanager.googleapis.com/v1/projects 400
[debug] [2024-11-17T02:46:37.761Z] <<< [apiv2][body] POST https://cloudresourcemanager.googleapis.com/v1/projects {"error":{"code":400,"message":"field [project_id] has issue [project_id contains invalid characters]","status":"INVALID_ARGUMENT","details":[{"@type":"type.googleapis.com/google.rpc.BadRequest","fieldViolations":[{"field":"project_id","description":"project_id contains invalid characters"}]},{"@type":"type.googleapis.com/google.rpc.Help","links":[{"url":"https://cloud.google.com/resource-manager/reference/rest/v1/projects"}]}]}}
[debug] [2024-11-17T02:46:37.765Z] FirebaseError: Request to https://cloudresourcemanager.googleapis.com/v1/projects had HTTP Error: 400, field [project_id] has issue [project_id contains invalid characters]
    at responseToError (/nix/store/4y5y11gp7fmn3rr6wm7skwjrbqfy4bbw-firebase-tools-13.23.0/lib/node_modules/firebase-tools/lib/responseToError.js:52:12)
    at RetryOperation._fn (/nix/store/4y5y11gp7fmn3rr6wm7skwjrbqfy4bbw-firebase-tools-13.23.0/lib/node_modules/firebase-tools/lib/apiv2.js:312:77)
    at process.processTicksAndRejections (node:internal/process/task_queues:95:5)
[error] 
[error] Error: Failed to create project. See firebase-debug.log for more info.
